<?xml version="1.0" encoding="UTF-8"?>
<testng-results ignored="0" total="1" passed="1" failed="0" skipped="0">
  <reporter-output>
  </reporter-output>
  <suite started-at="2021-11-05T12:54:14 EDT" name="cross browser testing" finished-at="2021-11-05T12:54:26 EDT" duration-ms="11643">
    <groups>
    </groups>
    <test started-at="2021-11-05T12:54:14 EDT" name="open cart tests" finished-at="2021-11-05T12:54:26 EDT" duration-ms="11643">
      <class name="testCases.TC_010_HeadernFooter">
        <test-method is-config="true" signature="setup(java.lang.String)[pri:0, instance:testCases.TC_010_HeadernFooter@659499f1]" started-at="2021-11-05T12:54:15 EDT" name="setup" finished-at="2021-11-05T12:54:20 EDT" duration-ms="5116" status="PASS">
          <params>
            <param index="0">
              <value>
                <![CDATA[chrome]]>
              </value>
            </param>
          </params>
          <reporter-output>
          </reporter-output>
        </test-method> <!-- setup -->
        <test-method signature="test_Login()[pri:0, instance:testCases.TC_010_HeadernFooter@659499f1]" started-at="2021-11-05T12:54:20 EDT" name="test_Login" finished-at="2021-11-05T12:54:26 EDT" duration-ms="5610" status="PASS">
          <reporter-output>
          </reporter-output>
        </test-method> <!-- test_Login -->
        <test-method is-config="true" signature="tearDown()[pri:0, instance:testCases.TC_010_HeadernFooter@659499f1]" started-at="2021-11-05T12:54:26 EDT" name="tearDown" finished-at="2021-11-05T12:54:26 EDT" duration-ms="250" status="PASS">
          <reporter-output>
          </reporter-output>
        </test-method> <!-- tearDown -->
      </class> <!-- testCases.TC_010_HeadernFooter -->
    </test> <!-- open cart tests -->
  </suite> <!-- cross browser testing -->
</testng-results>
